<?xml version="1.0" encoding="UTF-8"?>
<!-- Generated by org.testng.reporters.JUnitXMLReporter -->
<testsuite ignored="0" hostname="DESKTOP-J3M6P33" failures="1" tests="2" name="TestChrome" time="47.838" errors="0" timestamp="2022-11-02T14:28:43 IST">
  <testcase classname="testPack.TNGVerifyLoginAndMyGoalSettingFunctionality" name="verifyLogin" time="0.036"/>
  <testcase classname="testPack.TNGVerifyLoginAndMyGoalSettingFunctionality" name="verifyMyGoalSetting" time="6.766">
    <failure type="java.lang.AssertionError" message="null">
      <![CDATA[java.lang.AssertionError: null
at testPack.TNGVerifyLoginAndMyGoalSettingFunctionality.verifyMyGoalSetting(TNGVerifyLoginAndMyGoalSettingFunctionality.java:101)
at java.base/java.util.concurrent.ThreadPoolExecutor.runWorker(ThreadPoolExecutor.java:1136)
at java.base/java.util.concurrent.ThreadPoolExecutor$Worker.run(ThreadPoolExecutor.java:635)
at java.base/java.lang.Thread.run(Thread.java:833)
... Removed 12 stack frames]]>
    </failure>
  </testcase> <!-- verifyMyGoalSetting -->
</testsuite> <!-- TestChrome -->
