<?xml version="1.0" encoding="UTF-8"?>
<!-- Generated by org.testng.reporters.JUnitXMLReporter -->
<testsuite ignored="0" hostname="DESKTOP-J3M6P33" failures="0" tests="4" name="TestEdge" time="118.524" errors="0" timestamp="2022-11-02T14:24:24 IST">
  <testcase classname="testPack.TNGVerifyLoginAndMyGoalSettingFunctionality" name="verifyLogin" time="0.024"/>
  <testcase classname="testPack.TNGVerifyAddWorkSpaceAndSearchFunction" name="verifyAddWorkspace" time="77.742"/>
  <testcase classname="testPack.TNGVerifyLoginAndMyGoalSettingFunctionality" name="verifyMyGoalSetting" time="58.215"/>
  <testcase classname="testPack.TNGVerifyAddWorkSpaceAndSearchFunction" name="verifySearchFunction" time="22.225"/>
</testsuite> <!-- TestEdge -->
